SF:lib/core/data/repositories/data_video_repository.dart
DA:11,3
DA:13,1
DA:15,1
DA:16,0
DA:17,1
DA:21,1
DA:22,2
DA:23,2
DA:26,4
LF:9
LH:8
end_of_record
SF:lib/core/domain/entities/video_entity.dart
DA:19,4
DA:37,2
DA:39,6
DA:41,6
DA:43,6
DA:45,6
DA:47,2
DA:48,2
DA:49,2
DA:50,2
DA:51,2
DA:52,2
DA:53,2
DA:54,2
DA:55,2
DA:56,2
DA:57,2
DA:58,2
DA:59,4
DA:66,1
DA:67,1
DA:68,2
DA:69,2
DA:70,2
DA:71,2
DA:72,2
DA:73,2
DA:74,2
DA:75,2
DA:76,2
DA:77,2
DA:78,2
DA:79,3
DA:80,2
DA:81,2
DA:82,2
DA:83,2
LF:37
LH:37
end_of_record
SF:lib/network/network.dart
DA:5,0
DA:7,0
DA:8,0
DA:9,0
DA:12,0
DA:13,0
DA:18,0
DA:19,0
DA:24,0
DA:25,0
DA:28,0
DA:29,0
DA:31,0
DA:33,0
DA:37,0
DA:39,0
DA:40,0
DA:42,0
DA:46,0
DA:47,0
DA:51,0
DA:53,0
DA:55,0
DA:59,0
DA:61,0
DA:63,0
DA:65,0
LF:27
LH:0
end_of_record
SF:lib/core/domain/usecases/video/list_videos_usecase.dart
DA:9,2
DA:15,2
DA:21,2
DA:24,2
DA:27,2
DA:29,8
DA:31,4
DA:32,2
DA:34,2
DA:37,2
LF:10
LH:10
end_of_record
SF:lib/pages/home/home_controller.dart
DA:11,2
DA:14,2
DA:16,1
DA:17,1
DA:18,1
DA:20,1
DA:22,1
DA:23,1
DA:26,1
DA:28,1
DA:31,1
DA:32,1
DA:33,1
DA:36,1
DA:37,1
DA:39,2
DA:42,1
DA:43,3
DA:44,1
DA:46,3
DA:47,1
DA:49,3
DA:50,1
DA:52,1
DA:56,1
DA:58,2
DA:59,1
LF:27
LH:27
end_of_record
SF:lib/pages/home/home_presenter.dart
DA:13,1
DA:14,2
DA:17,1
DA:18,2
DA:19,2
DA:22,1
DA:24,2
LF:7
LH:7
end_of_record
SF:lib/pages/home/home_page.dart
DA:12,2
DA:14,1
DA:16,2
DA:20,2
DA:22,1
DA:24,3
DA:25,1
DA:26,1
DA:27,1
DA:28,1
DA:29,1
DA:30,1
DA:31,1
DA:34,1
DA:35,3
DA:36,2
DA:37,1
DA:39,1
LF:18
LH:18
end_of_record
SF:lib/widgets/lumi_card_film_widget.dart
DA:9,2
DA:11,1
DA:13,2
DA:14,1
DA:17,1
DA:18,1
DA:19,2
DA:22,1
DA:25,1
DA:26,1
DA:27,1
DA:28,1
DA:30,1
DA:35,2
DA:36,1
DA:37,2
DA:38,2
DA:40,1
DA:41,2
DA:44,1
LF:20
LH:20
end_of_record
SF:lib/widgets/lumi_card_list_widget.dart
DA:10,1
DA:15,1
DA:17,1
DA:19,1
DA:21,1
DA:23,3
DA:26,3
DA:27,1
DA:28,1
DA:29,1
DA:30,1
DA:31,3
DA:32,1
DA:39,2
DA:41,2
DA:42,1
DA:43,1
DA:44,1
DA:45,3
DA:46,1
DA:47,1
DA:50,3
LF:22
LH:22
end_of_record
SF:lib/widgets/lumi_default_view_widget.dart
DA:10,1
DA:11,1
DA:13,1
DA:14,1
DA:18,1
DA:20,1
DA:21,2
DA:22,1
DA:23,1
DA:24,2
DA:25,1
DA:26,4
DA:30,2
DA:34,1
DA:36,1
DA:39,1
DA:40,1
DA:41,1
DA:42,1
DA:45,1
DA:46,1
DA:47,1
DA:50,1
DA:51,1
LF:24
LH:24
end_of_record
SF:lib/pages/home/observers/src/list_videos_usecase_observer.dart
DA:9,1
DA:11,1
DA:13,2
DA:14,3
DA:17,1
DA:19,2
DA:20,3
DA:23,1
DA:25,2
DA:26,4
LF:10
LH:10
end_of_record
SF:lib/widgets/lumi_bottom_navigation_bar_widget.dart
DA:5,1
DA:7,1
DA:11,1
DA:12,1
DA:13,2
DA:14,2
DA:15,2
DA:21,2
DA:22,1
DA:23,1
DA:25,1
LF:11
LH:11
end_of_record
